<?xml version="1.0" encoding="UTF-8"?>
<testng-results ignored="0" total="1" passed="1" failed="0" skipped="0">
  <reporter-output>
  </reporter-output>
  <suite started-at="2023-08-27T19:40:37 IST" name="Default suite" finished-at="2023-08-27T19:40:40 IST" duration-ms="3198">
    <groups>
    </groups>
    <test started-at="2023-08-27T19:40:37 IST" name="Default test" finished-at="2023-08-27T19:40:40 IST" duration-ms="3198">
      <class name="com.test.TwoTabAtaTime">
        <test-method signature="test()[pri:0, instance:com.test.TwoTabAtaTime@13e344d]" started-at="2023-08-27T19:40:37 IST" name="test" finished-at="2023-08-27T19:40:40 IST" duration-ms="3157" status="PASS">
          <reporter-output>
          </reporter-output>
        </test-method> <!-- test -->
      </class> <!-- com.test.TwoTabAtaTime -->
    </test> <!-- Default test -->
  </suite> <!-- Default suite -->
</testng-results>
